<?xml version="1.0" encoding="UTF-8"?>
<testsuite name="edu.bsu.cs222.ColorFormatterTest" tests="1" skipped="0" failures="0" errors="0" timestamp="2022-11-06T19:20:08" hostname="DESKTOP-MF2RL19" time="0.013">
  <properties/>
  <testcase name="ColorFormatterTest()" classname="edu.bsu.cs222.ColorFormatterTest" time="0.013"/>
  <system-out><![CDATA[]]></system-out>
  <system-err><![CDATA[]]></system-err>
</testsuite>
