<?xml version="1.0" encoding="UTF-8"?>
<testsuite name="edu.bsu.cs222.ParserTest" tests="1" skipped="0" failures="0" errors="0" timestamp="2022-10-25T16:54:03" hostname="CURLYFRYLAPTOP" time="0.48">
  <properties/>
  <testcase name="scryfallParserTest()" classname="edu.bsu.cs222.ParserTest" time="0.48"/>
  <system-out><![CDATA[]]></system-out>
  <system-err><![CDATA[]]></system-err>
</testsuite>
