<?xml version="1.0" encoding="UTF-8"?>
<testsuite name="edu.bsu.cs222.ColorFormatterTest" tests="1" skipped="0" failures="0" errors="0" timestamp="2022-11-15T16:43:33" hostname="CURLYFRY-DESKTO" time="0.013">
  <properties/>
  <testcase name="ColorFormatTest()" classname="edu.bsu.cs222.ColorFormatterTest" time="0.013"/>
  <system-out><![CDATA[]]></system-out>
  <system-err><![CDATA[]]></system-err>
</testsuite>
