<?xml version="1.0" encoding="UTF-8"?>
<testsuite name="edu.bsu.cs222.ParserTest" tests="2" skipped="0" failures="0" errors="0" timestamp="2022-11-15T17:49:59" hostname="DESKTOP-U2RNP9U" time="0.064">
  <properties/>
  <testcase name="scryfallParserInvalidCardTest()" classname="edu.bsu.cs222.ParserTest" time="0.053"/>
  <testcase name="scryfallParserTest()" classname="edu.bsu.cs222.ParserTest" time="0.011"/>
  <system-out><![CDATA[]]></system-out>
  <system-err><![CDATA[]]></system-err>
</testsuite>
