<?xml version="1.0" encoding="UTF-8"?>
<testsuite name="edu.bsu.cs222.ParserTest" tests="1" skipped="0" failures="0" errors="0" timestamp="2022-10-24T19:49:29" hostname="DESKTOP-MF2RL19" time="0.31">
  <properties/>
  <testcase name="scryfallParserTest()" classname="edu.bsu.cs222.ParserTest" time="0.31"/>
  <system-out><![CDATA[
["Kamiz, Obscura Oculus"]
]]></system-out>
  <system-err><![CDATA[]]></system-err>
</testsuite>
