<?xml version="1.0" encoding="UTF-8"?>
<testsuite name="edu.bsu.cs222.ScryfallReaderTest" tests="1" skipped="0" failures="0" errors="0" timestamp="2022-10-26T17:19:16" hostname="DESKTOP-MF2RL19" time="0.001">
  <properties/>
  <testcase name="ScryfallURLEncodeTest()" classname="edu.bsu.cs222.ScryfallReaderTest" time="0.001"/>
  <system-out><![CDATA[]]></system-out>
  <system-err><![CDATA[]]></system-err>
</testsuite>
