<?xml version="1.0" encoding="UTF-8"?>
<testsuite name="edu.bsu.cs222.ScryfallReaderTest" tests="1" skipped="0" failures="0" errors="0" timestamp="2022-11-15T16:43:33" hostname="CURLYFRY-DESKTO" time="0.002">
  <properties/>
  <testcase name="ScryfallURLEncodeTest()" classname="edu.bsu.cs222.ScryfallReaderTest" time="0.002"/>
  <system-out><![CDATA[]]></system-out>
  <system-err><![CDATA[]]></system-err>
</testsuite>
