<?xml version="1.0" encoding="UTF-8"?>
<testsuite name="edu.bsu.cs222.ParserTest" tests="2" skipped="0" failures="0" errors="0" timestamp="2022-12-07T22:55:21" hostname="CURLYFRY-DESKTO" time="0.064">
  <properties/>
  <testcase name="scryfallParserInvalidCardTest()" classname="edu.bsu.cs222.ParserTest" time="0.056"/>
  <testcase name="scryfallParserTest()" classname="edu.bsu.cs222.ParserTest" time="0.007"/>
  <system-out><![CDATA[]]></system-out>
  <system-err><![CDATA[]]></system-err>
</testsuite>
